<?xml version="1.0" encoding="UTF-8" ?>
<testsuite 
errors="0" failures="0" hostname="DESKTOP-JPN8U4T" name="com.bm.analytics.tests.unit.age_metrics_tests.ageCategoryTests" tests="1" time="0.03" timestamp="2022-10-17T08:39:51">
  <properties>
    <property
    name="java.runtime.name" value="Java(TM) SE Runtime Environment"/>
    <property
    name="sun.boot.library.path" value="C:\Program Files\Java\jdk1.8.0_271\jre\bin"/>
    <property name="java.vm.version" value="25.271-b09"/>
    <property name="java.vm.vendor" value="Oracle Corporation"/>
    <property name="java.vendor.url" value="http://java.oracle.com/"/>
    <property name="path.separator" value=";"/>
    <property name="java.vm.name" value="Java HotSpot(TM) 64-Bit Server VM"/>
    <property name="file.encoding.pkg" value="sun.io"/>
    <property name="user.script" value=""/>
    <property name="user.country" value="US"/>
    <property name="sun.java.launcher" value="SUN_STANDARD"/>
    <property name="sun.os.patch.level" value=""/>
    <property
    name="java.vm.specification.name" value="Java Virtual Machine Specification"/>
    <property name="user.dir" value="C:\Users\yvznm\IdeaProjects\udf-library"/>
    <property name="java.runtime.version" value="1.8.0_271-b09"/>
    <property
    name="java.awt.graphicsenv" value="sun.awt.Win32GraphicsEnvironment"/>
    <property name="basedir" value="C:\Users\yvznm\IdeaProjects\udf-library"/>
    <property
    name="java.endorsed.dirs" value="C:\Program Files\Java\jdk1.8.0_271\jre\lib\endorsed"/>
    <property name="os.arch" value="amd64"/>
    <property
    name="java.io.tmpdir" value="C:\Users\yvznm\AppData\Local\Temp\"/>
    <property name="line.separator" value=" "/>
    <property name="java.vm.specification.vendor" value="Oracle Corporation"/>
    <property name="user.variant" value=""/>
    <property name="os.name" value="Windows 10"/>
    <property name="sun.jnu.encoding" value="Cp1252"/>
    <property
    name="java.library.path" value="C:\Program Files\Java\jdk1.8.0_271\jre\bin;C:\WINDOWS\Sun\Java\bin;C:\WINDOWS\system32;C:\WINDOWS;C:\Program Files (x86)\Common Files\Oracle\Java\javapath;C:\ProgramData\Miniconda3;C:\ProgramData\Miniconda3\Library\mingw-w64\bin;C:\ProgramData\Miniconda3\Library\usr\bin;C:\ProgramData\Miniconda3\Library\bin;C:\ProgramData\Miniconda3\Scripts;C:\Windows\system32;C:\Windows;C:\Windows\System32\Wbem;C:\Windows\System32\WindowsPowerShell\v1.0\;C:\Windows\System32\OpenSSH\;C:\Program Files (x86)\NVIDIA Corporation\PhysX\Common;C:\WINDOWS\system32;C:\WINDOWS;C:\WINDOWS\System32\Wbem;C:\WINDOWS\System32\WindowsPowerShell\v1.0\;C:\WINDOWS\System32\OpenSSH\;C:\Program Files\Intel\WiFi\bin\;C:\Program Files\Common Files\Intel\WirelessCommon\;C:\Program Files\Microsoft SQL Server\Client SDK\ODBC\170\Tools\Binn\;C:\Program Files (x86)\Microsoft SQL Server\150\Tools\Binn\;C:\Program Files\Microsoft SQL Server\150\Tools\Binn\;C:\Program Files\Microsoft SQL Server\150\DTS\Binn\;C:\Program Files (x86)\AOMEI\AOMEI Backupper\6.9.0;C:\Program Files\PuTTY\;C:\Program Files\Git\cmd;C:\Users\yvznm\AppData\Local\Microsoft\WindowsApps;;C:\Program Files\JetBrains\IntelliJ IDEA Community Edition 2020.2.3\bin;;C:\Program Files\Azure Data Studio\bin;."/>
    <property
    name="java.specification.name" value="Java Platform API Specification"/>
    <property name="java.class.version" value="52.0"/>
    <property
    name="sun.management.compiler" value="HotSpot 64-Bit Tiered Compilers"/>
    <property name="os.version" value="10.0"/>
    <property name="user.home" value="C:\Users\yvznm"/>
    <property name="user.timezone" value=""/>
    <property name="java.awt.printerjob" value="sun.awt.windows.WPrinterJob"/>
    <property name="file.encoding" value="Cp1252"/>
    <property name="java.specification.version" value="1.8"/>
    <property name="user.name" value="yvznm"/>
    <property
    name="java.class.path" value="C:\Users\yvznm\IdeaProjects\udf-library\target\test-classes;C:\Users\yvznm\IdeaProjects\udf-library\target\classes;C:\Users\yvznm\.m2\repository\org\scala-lang\scala-library\2.12.15\scala-library-2.12.15.jar;C:\Users\yvznm\.m2\repository\org\apache\spark\spark-core_2.12\3.2.1\spark-core_2.12-3.2.1.jar;C:\Users\yvznm\.m2\repository\org\apache\avro\avro\1.10.2\avro-1.10.2.jar;C:\Users\yvznm\.m2\repository\com\fasterxml\jackson\core\jackson-core\2.12.2\jackson-core-2.12.2.jar;C:\Users\yvznm\.m2\repository\org\apache\commons\commons-compress\1.20\commons-compress-1.20.jar;C:\Users\yvznm\.m2\repository\org\apache\avro\avro-mapred\1.10.2\avro-mapred-1.10.2.jar;C:\Users\yvznm\.m2\repository\org\apache\avro\avro-ipc\1.10.2\avro-ipc-1.10.2.jar;C:\Users\yvznm\.m2\repository\org\tukaani\xz\1.8\xz-1.8.jar;C:\Users\yvznm\.m2\repository\com\twitter\chill_2.12\0.10.0\chill_2.12-0.10.0.jar;C:\Users\yvznm\.m2\repository\com\esotericsoftware\kryo-shaded\4.0.2\kryo-shaded-4.0.2.jar;C:\Users\yvznm\.m2\repository\com\esotericsoftware\minlog\1.3.0\minlog-1.3.0.jar;C:\Users\yvznm\.m2\repository\org\objenesis\objenesis\2.5.1\objenesis-2.5.1.jar;C:\Users\yvznm\.m2\repository\com\twitter\chill-java\0.10.0\chill-java-0.10.0.jar;C:\Users\yvznm\.m2\repository\org\apache\xbean\xbean-asm9-shaded\4.20\xbean-asm9-shaded-4.20.jar;C:\Users\yvznm\.m2\repository\org\apache\hadoop\hadoop-client-api\3.3.1\hadoop-client-api-3.3.1.jar;C:\Users\yvznm\.m2\repository\org\apache\hadoop\hadoop-client-runtime\3.3.1\hadoop-client-runtime-3.3.1.jar;C:\Users\yvznm\.m2\repository\org\apache\htrace\htrace-core4\4.1.0-incubating\htrace-core4-4.1.0-incubating.jar;C:\Users\yvznm\.m2\repository\commons-logging\commons-logging\1.1.3\commons-logging-1.1.3.jar;C:\Users\yvznm\.m2\repository\org\apache\spark\spark-launcher_2.12\3.2.1\spark-launcher_2.12-3.2.1.jar;C:\Users\yvznm\.m2\repository\org\apache\spark\spark-kvstore_2.12\3.2.1\spark-kvstore_2.12-3.2.1.jar;C:\Users\yvznm\.m2\repository\org\fusesource\leveldbjni\leveldbjni-all\1.8\leveldbjni-all-1.8.jar;C:\Users\yvznm\.m2\repository\com\fasterxml\jackson\core\jackson-annotations\2.12.3\jackson-annotations-2.12.3.jar;C:\Users\yvznm\.m2\repository\org\apache\spark\spark-network-common_2.12\3.2.1\spark-network-common_2.12-3.2.1.jar;C:\Users\yvznm\.m2\repository\com\google\crypto\tink\tink\1.6.0\tink-1.6.0.jar;C:\Users\yvznm\.m2\repository\com\google\code\gson\gson\2.8.6\gson-2.8.6.jar;C:\Users\yvznm\.m2\repository\org\apache\spark\spark-network-shuffle_2.12\3.2.1\spark-network-shuffle_2.12-3.2.1.jar;C:\Users\yvznm\.m2\repository\org\apache\spark\spark-unsafe_2.12\3.2.1\spark-unsafe_2.12-3.2.1.jar;C:\Users\yvznm\.m2\repository\javax\activation\activation\1.1.1\activation-1.1.1.jar;C:\Users\yvznm\.m2\repository\org\apache\curator\curator-recipes\2.13.0\curator-recipes-2.13.0.jar;C:\Users\yvznm\.m2\repository\org\apache\curator\curator-framework\2.13.0\curator-framework-2.13.0.jar;C:\Users\yvznm\.m2\repository\org\apache\curator\curator-client\2.13.0\curator-client-2.13.0.jar;C:\Users\yvznm\.m2\repository\com\google\guava\guava\16.0.1\guava-16.0.1.jar;C:\Users\yvznm\.m2\repository\org\apache\zookeeper\zookeeper\3.6.2\zookeeper-3.6.2.jar;C:\Users\yvznm\.m2\repository\commons-lang\commons-lang\2.6\commons-lang-2.6.jar;C:\Users\yvznm\.m2\repository\org\apache\zookeeper\zookeeper-jute\3.6.2\zookeeper-jute-3.6.2.jar;C:\Users\yvznm\.m2\repository\org\apache\yetus\audience-annotations\0.5.0\audience-annotations-0.5.0.jar;C:\Users\yvznm\.m2\repository\jakarta\servlet\jakarta.servlet-api\4.0.3\jakarta.servlet-api-4.0.3.jar;C:\Users\yvznm\.m2\repository\commons-codec\commons-codec\1.15\commons-codec-1.15.jar;C:\Users\yvznm\.m2\repository\org\apache\commons\commons-lang3\3.12.0\commons-lang3-3.12.0.jar;C:\Users\yvznm\.m2\repository\org\apache\commons\commons-math3\3.4.1\commons-math3-3.4.1.jar;C:\Users\yvznm\.m2\repository\org\apache\commons\commons-text\1.6\commons-text-1.6.jar;C:\Users\yvznm\.m2\repository\commons-io\commons-io\2.8.0\commons-io-2.8.0.jar;C:\Users\yvznm\.m2\repository\commons-collections\commons-collections\3.2.2\commons-collections-3.2.2.jar;C:\Users\yvznm\.m2\repository\com\google\code\findbugs\jsr305\3.0.0\jsr305-3.0.0.jar;C:\Users\yvznm\.m2\repository\org\slf4j\slf4j-api\1.7.30\slf4j-api-1.7.30.jar;C:\Users\yvznm\.m2\repository\org\slf4j\jul-to-slf4j\1.7.30\jul-to-slf4j-1.7.30.jar;C:\Users\yvznm\.m2\repository\org\slf4j\jcl-over-slf4j\1.7.30\jcl-over-slf4j-1.7.30.jar;C:\Users\yvznm\.m2\repository\log4j\log4j\1.2.17\log4j-1.2.17.jar;C:\Users\yvznm\.m2\repository\org\slf4j\slf4j-log4j12\1.7.30\slf4j-log4j12-1.7.30.jar;C:\Users\yvznm\.m2\repository\com\ning\compress-lzf\1.0.3\compress-lzf-1.0.3.jar;C:\Users\yvznm\.m2\repository\org\xerial\snappy\snappy-java\1.1.8.4\snappy-java-1.1.8.4.jar;C:\Users\yvznm\.m2\repository\org\lz4\lz4-java\1.7.1\lz4-java-1.7.1.jar;C:\Users\yvznm\.m2\repository\com\github\luben\zstd-jni\1.5.0-4\zstd-jni-1.5.0-4.jar;C:\Users\yvznm\.m2\repository\org\roaringbitmap\RoaringBitmap\0.9.0\RoaringBitmap-0.9.0.jar;C:\Users\yvznm\.m2\repository\org\roaringbitmap\shims\0.9.0\shims-0.9.0.jar;C:\Users\yvznm\.m2\repository\commons-net\commons-net\3.1\commons-net-3.1.jar;C:\Users\yvznm\.m2\repository\org\scala-lang\modules\scala-xml_2.12\1.2.0\scala-xml_2.12-1.2.0.jar;C:\Users\yvznm\.m2\repository\org\scala-lang\scala-reflect\2.12.15\scala-reflect-2.12.15.jar;C:\Users\yvznm\.m2\repository\org\json4s\json4s-jackson_2.12\3.7.0-M11\json4s-jackson_2.12-3.7.0-M11.jar;C:\Users\yvznm\.m2\repository\org\json4s\json4s-core_2.12\3.7.0-M11\json4s-core_2.12-3.7.0-M11.jar;C:\Users\yvznm\.m2\repository\org\json4s\json4s-ast_2.12\3.7.0-M11\json4s-ast_2.12-3.7.0-M11.jar;C:\Users\yvznm\.m2\repository\org\json4s\json4s-scalap_2.12\3.7.0-M11\json4s-scalap_2.12-3.7.0-M11.jar;C:\Users\yvznm\.m2\repository\org\glassfish\jersey\core\jersey-client\2.34\jersey-client-2.34.jar;C:\Users\yvznm\.m2\repository\jakarta\ws\rs\jakarta.ws.rs-api\2.1.6\jakarta.ws.rs-api-2.1.6.jar;C:\Users\yvznm\.m2\repository\org\glassfish\hk2\external\jakarta.inject\2.6.1\jakarta.inject-2.6.1.jar;C:\Users\yvznm\.m2\repository\org\glassfish\jersey\core\jersey-common\2.34\jersey-common-2.34.jar;C:\Users\yvznm\.m2\repository\jakarta\annotation\jakarta.annotation-api\1.3.5\jakarta.annotation-api-1.3.5.jar;C:\Users\yvznm\.m2\repository\org\glassfish\hk2\osgi-resource-locator\1.0.3\osgi-resource-locator-1.0.3.jar;C:\Users\yvznm\.m2\repository\org\glassfish\jersey\core\jersey-server\2.34\jersey-server-2.34.jar;C:\Users\yvznm\.m2\repository\jakarta\validation\jakarta.validation-api\2.0.2\jakarta.validation-api-2.0.2.jar;C:\Users\yvznm\.m2\repository\org\glassfish\jersey\containers\jersey-container-servlet\2.34\jersey-container-servlet-2.34.jar;C:\Users\yvznm\.m2\repository\org\glassfish\jersey\containers\jersey-container-servlet-core\2.34\jersey-container-servlet-core-2.34.jar;C:\Users\yvznm\.m2\repository\org\glassfish\jersey\inject\jersey-hk2\2.34\jersey-hk2-2.34.jar;C:\Users\yvznm\.m2\repository\org\glassfish\hk2\hk2-locator\2.6.1\hk2-locator-2.6.1.jar;C:\Users\yvznm\.m2\repository\org\glassfish\hk2\external\aopalliance-repackaged\2.6.1\aopalliance-repackaged-2.6.1.jar;C:\Users\yvznm\.m2\repository\org\glassfish\hk2\hk2-api\2.6.1\hk2-api-2.6.1.jar;C:\Users\yvznm\.m2\repository\org\glassfish\hk2\hk2-utils\2.6.1\hk2-utils-2.6.1.jar;C:\Users\yvznm\.m2\repository\org\javassist\javassist\3.25.0-GA\javassist-3.25.0-GA.jar;C:\Users\yvznm\.m2\repository\io\netty\netty-all\4.1.68.Final\netty-all-4.1.68.Final.jar;C:\Users\yvznm\.m2\repository\com\clearspring\analytics\stream\2.9.6\stream-2.9.6.jar;C:\Users\yvznm\.m2\repository\io\dropwizard\metrics\metrics-core\4.2.0\metrics-core-4.2.0.jar;C:\Users\yvznm\.m2\repository\io\dropwizard\metrics\metrics-jvm\4.2.0\metrics-jvm-4.2.0.jar;C:\Users\yvznm\.m2\repository\io\dropwizard\metrics\metrics-json\4.2.0\metrics-json-4.2.0.jar;C:\Users\yvznm\.m2\repository\io\dropwizard\metrics\metrics-graphite\4.2.0\metrics-graphite-4.2.0.jar;C:\Users\yvznm\.m2\repository\io\dropwizard\metrics\metrics-jmx\4.2.0\metrics-jmx-4.2.0.jar;C:\Users\yvznm\.m2\repository\com\fasterxml\jackson\core\jackson-databind\2.12.3\jackson-databind-2.12.3.jar;C:\Users\yvznm\.m2\repository\com\fasterxml\jackson\module\jackson-module-scala_2.12\2.12.3\jackson-module-scala_2.12-2.12.3.jar;C:\Users\yvznm\.m2\repository\com\thoughtworks\paranamer\paranamer\2.8\paranamer-2.8.jar;C:\Users\yvznm\.m2\repository\org\apache\ivy\ivy\2.5.0\ivy-2.5.0.jar;C:\Users\yvznm\.m2\repository\oro\oro\2.0.8\oro-2.0.8.jar;C:\Users\yvznm\.m2\repository\net\razorvine\pyrolite\4.30\pyrolite-4.30.jar;C:\Users\yvznm\.m2\repository\net\sf\py4j\py4j\0.10.9.3\py4j-0.10.9.3.jar;C:\Users\yvznm\.m2\repository\org\apache\spark\spark-tags_2.12\3.2.1\spark-tags_2.12-3.2.1.jar;C:\Users\yvznm\.m2\repository\org\apache\commons\commons-crypto\1.1.0\commons-crypto-1.1.0.jar;C:\Users\yvznm\.m2\repository\org\spark-project\spark\unused\1.0.0\unused-1.0.0.jar;C:\Users\yvznm\.m2\repository\org\apache\spark\spark-sql_2.12\3.2.1\spark-sql_2.12-3.2.1.jar;C:\Users\yvznm\.m2\repository\org\rocksdb\rocksdbjni\6.20.3\rocksdbjni-6.20.3.jar;C:\Users\yvznm\.m2\repository\com\univocity\univocity-parsers\2.9.1\univocity-parsers-2.9.1.jar;C:\Users\yvznm\.m2\repository\org\apache\spark\spark-sketch_2.12\3.2.1\spark-sketch_2.12-3.2.1.jar;C:\Users\yvznm\.m2\repository\org\apache\spark\spark-catalyst_2.12\3.2.1\spark-catalyst_2.12-3.2.1.jar;C:\Users\yvznm\.m2\repository\org\scala-lang\modules\scala-parser-combinators_2.12\1.1.2\scala-parser-combinators_2.12-1.1.2.jar;C:\Users\yvznm\.m2\repository\org\codehaus\janino\janino\3.0.16\janino-3.0.16.jar;C:\Users\yvznm\.m2\repository\org\codehaus\janino\commons-compiler\3.0.16\commons-compiler-3.0.16.jar;C:\Users\yvznm\.m2\repository\org\antlr\antlr4-runtime\4.8\antlr4-runtime-4.8.jar;C:\Users\yvznm\.m2\repository\javax\xml\bind\jaxb-api\2.2.11\jaxb-api-2.2.11.jar;C:\Users\yvznm\.m2\repository\org\apache\arrow\arrow-vector\2.0.0\arrow-vector-2.0.0.jar;C:\Users\yvznm\.m2\repository\org\apache\arrow\arrow-format\2.0.0\arrow-format-2.0.0.jar;C:\Users\yvznm\.m2\repository\org\apache\arrow\arrow-memory-core\2.0.0\arrow-memory-core-2.0.0.jar;C:\Users\yvznm\.m2\repository\com\google\flatbuffers\flatbuffers-java\1.9.0\flatbuffers-java-1.9.0.jar;C:\Users\yvznm\.m2\repository\org\apache\arrow\arrow-memory-netty\2.0.0\arrow-memory-netty-2.0.0.jar;C:\Users\yvznm\.m2\repository\org\apache\orc\orc-core\1.6.12\orc-core-1.6.12.jar;C:\Users\yvznm\.m2\repository\org\apache\orc\orc-shims\1.6.12\orc-shims-1.6.12.jar;C:\Users\yvznm\.m2\repository\com\google\protobuf\protobuf-java\2.5.0\protobuf-java-2.5.0.jar;C:\Users\yvznm\.m2\repository\io\airlift\aircompressor\0.21\aircompressor-0.21.jar;C:\Users\yvznm\.m2\repository\org\jetbrains\annotations\17.0.0\annotations-17.0.0.jar;C:\Users\yvznm\.m2\repository\org\threeten\threeten-extra\1.5.0\threeten-extra-1.5.0.jar;C:\Users\yvznm\.m2\repository\org\apache\orc\orc-mapreduce\1.6.12\orc-mapreduce-1.6.12.jar;C:\Users\yvznm\.m2\repository\org\apache\hive\hive-storage-api\2.7.2\hive-storage-api-2.7.2.jar;C:\Users\yvznm\.m2\repository\org\apache\parquet\parquet-column\1.12.2\parquet-column-1.12.2.jar;C:\Users\yvznm\.m2\repository\org\apache\parquet\parquet-common\1.12.2\parquet-common-1.12.2.jar;C:\Users\yvznm\.m2\repository\org\apache\parquet\parquet-encoding\1.12.2\parquet-encoding-1.12.2.jar;C:\Users\yvznm\.m2\repository\org\apache\parquet\parquet-hadoop\1.12.2\parquet-hadoop-1.12.2.jar;C:\Users\yvznm\.m2\repository\org\apache\parquet\parquet-format-structures\1.12.2\parquet-format-structures-1.12.2.jar;C:\Users\yvznm\.m2\repository\org\apache\parquet\parquet-jackson\1.12.2\parquet-jackson-1.12.2.jar;C:\Users\yvznm\.m2\repository\org\scalatest\scalatest-funsuite_2.12\3.2.13\scalatest-funsuite_2.12-3.2.13.jar;C:\Users\yvznm\.m2\repository\org\scalatest\scalatest-core_2.12\3.2.13\scalatest-core_2.12-3.2.13.jar;C:\Users\yvznm\.m2\repository\org\scalatest\scalatest-compatible\3.2.13\scalatest-compatible-3.2.13.jar;C:\Users\yvznm\.m2\repository\org\scalactic\scalactic_2.12\3.2.13\scalactic_2.12-3.2.13.jar"/>
    <property name="java.vm.specification.version" value="1.8"/>
    <property name="sun.arch.data.model" value="64"/>
    <property name="java.home" value="C:\Program Files\Java\jdk1.8.0_271\jre"/>
    <property
    name="sun.java.command" value="org.scalatest.tools.Runner -R C:\Users\yvznm\IdeaProjects\udf-library\target\classes C:\Users\yvznm\IdeaProjects\udf-library\target\test-classes -w com.bm.analytics.tests.unit -o -f C:\Users\yvznm\IdeaProjects\udf-library\target\surefire-reports\udf_library.txt -u C:\Users\yvznm\IdeaProjects\udf-library\target\surefire-reports\."/>
    <property name="java.specification.vendor" value="Oracle Corporation"/>
    <property name="user.language" value="en"/>
    <property name="awt.toolkit" value="sun.awt.windows.WToolkit"/>
    <property name="java.vm.info" value="mixed mode"/>
    <property name="java.version" value="1.8.0_271"/>
    <property
    name="java.ext.dirs" value="C:\Program Files\Java\jdk1.8.0_271\jre\lib\ext;C:\WINDOWS\Sun\Java\lib\ext"/>
    <property
    name="sun.boot.class.path" value="C:\Program Files\Java\jdk1.8.0_271\jre\lib\resources.jar;C:\Program Files\Java\jdk1.8.0_271\jre\lib\rt.jar;C:\Program Files\Java\jdk1.8.0_271\jre\lib\sunrsasign.jar;C:\Program Files\Java\jdk1.8.0_271\jre\lib\jsse.jar;C:\Program Files\Java\jdk1.8.0_271\jre\lib\jce.jar;C:\Program Files\Java\jdk1.8.0_271\jre\lib\charsets.jar;C:\Program Files\Java\jdk1.8.0_271\jre\lib\jfr.jar;C:\Program Files\Java\jdk1.8.0_271\jre\classes"/>
    <property name="java.vendor" value="Oracle Corporation"/>
    <property name="file.separator" value="\"/>
    <property
    name="java.vendor.url.bug" value="http://bugreport.sun.com/bugreport/"/>
    <property name="sun.cpu.endian" value="little"/>
    <property name="sun.io.unicode.encoding" value="UnicodeLittle"/>
    <property name="sun.desktop" value="windows"/>
    <property name="sun.cpu.isalist" value="amd64"/>
  </properties>
  <testcase 
  name="The Calculation should return 1 if age is smaller than 30" classname="com.bm.analytics.tests.unit.age_metrics_tests.ageCategoryTests" time="0.016">
</testcase>
  <system-out><![CDATA[]]></system-out>
  <system-err><![CDATA[]]></system-err>
</testsuite>
